
2014/08/15 11:13:57 ISIS: buffer_flush_available: write error on fd 0: Bad file number
2014/08/15 11:13:57 ISIS: buffer_flush_available: write error on fd 0: Bad file number
2014/08/15 11:13:57 ISIS: buffer_flush_available: write error on fd 0: Bad file number
2014/08/15 11:13:57 ISIS: Quagga-ISISd 0.99.8 starting: vty@2606
2014/08/15 11:14:18 ISIS: ISIS TRILL removed any nickname associated with sysID:8620.40fe.2281 LSP seqnum:0x00000002 pseudonode:0
2014/08/15 11:14:19 ISIS: isis_dr_commence l1
2014/08/15 11:14:19 ISIS: New LSP with ID f6ed.68bf.8866-20-00 seqnum 00000001
2014/08/15 11:14:19 ISIS: ISIS-Evt (rb3_a) DIS status change
2014/08/15 11:14:19 ISIS: ISIS TRILL removed any nickname associated with sysID:1e51.c5df.c8ef LSP seqnum:0x00000002 pseudonode:0
2014/08/15 11:14:20 ISIS: ISIS TRILL removed any nickname associated with sysID:2af0.4b8b.d2b5 LSP seqnum:0x00000002 pseudonode:0
2014/08/15 11:14:20 ISIS: ISIS TRILL removed any nickname associated with sysID:5e1b.e5f4.005f LSP seqnum:0x00000002 pseudonode:0
2014/08/15 11:14:21 ISIS: ISIS TRILL removed any nickname associated with sysID:a6da.0329.3f2f LSP seqnum:0x00000002 pseudonode:0
2014/08/15 11:14:28 ISIS: ISIS TRILL LSPDB acquire event:1 cid:32, done:0
2014/08/15 11:14:37 ISIS: ISIS TRILL LSPDB acquire event:1 cid:32, done:1
2014/08/15 11:14:37 ISIS: ISIS TRILL generated nick:14377
2014/08/15 11:14:37 ISIS: SIGHUP received
2014/08/15 11:14:37 ISIS: Reload
2014/08/15 11:14:37 ISIS: buffer_flush_available: write error on fd 0: Bad file number
2014/08/15 11:14:37 ISIS: buffer_flush_available: write error on fd 0: Bad file number
2014/08/15 11:14:37 ISIS: buffer_flush_available: write error on fd 0: Bad file number
2014/08/15 11:14:37 ISIS: Quagga-ISISd 0.99.8 starting: vty@2606
2014/08/15 11:14:49 ISIS: ISIS TRILL removed any nickname associated with sysID:1e51.c5df.c8ef LSP seqnum:0x00000002 pseudonode:0
2014/08/15 11:14:49 ISIS: ISIS TRILL nick recv:815 from sysID:2af0.4b8b.d2b5
2014/08/15 11:14:49 ISIS: ISIS TRILL nick recv:50743 from sysID:5e1b.e5f4.005f
2014/08/15 11:14:49 ISIS: ISIS TRILL removed any nickname associated with sysID:8620.40fe.2281 LSP seqnum:0x00000002 pseudonode:0
2014/08/15 11:14:49 ISIS: ISIS TRILL removed any nickname associated with sysID:a6da.0329.3f2f LSP seqnum:0x00000002 pseudonode:0
2014/08/15 11:14:49 ISIS: LSP PURGE NON EXIST
2014/08/15 11:14:50 ISIS: ISIS-Upd (rb3_a): L1 LSP f6ed.68bf.8866.20-00 seq 0x00000001 aged out
2014/08/15 11:14:50 ISIS: ISIS TRILL nick recv:32969 from sysID:1e51.c5df.c8ef
2014/08/15 11:15:03 ISIS: ISIS TRILL nick recv:50743 from sysID:5e1b.e5f4.005f
2014/08/15 11:15:03 ISIS: ISIS TRILL nick recv:52917 from sysID:8620.40fe.2281
2014/08/15 11:15:04 ISIS: isis_dr_commence l1
2014/08/15 11:15:04 ISIS: New LSP with ID f6ed.68bf.8866-20-00 seqnum 00000001
2014/08/15 11:15:04 ISIS: ISIS-Evt (rb3_a) DIS status change
2014/08/15 11:15:05 ISIS: ISIS TRILL nick recv:4893 from sysID:a6da.0329.3f2f
2014/08/15 11:15:32 ISIS: ISIS TRILL nick recv:50743 from sysID:5e1b.e5f4.005f
2014/08/15 11:15:33 ISIS: ISIS TRILL nick recv:52917 from sysID:8620.40fe.2281
2014/08/15 11:15:34 ISIS: ISIS TRILL nick recv:4893 from sysID:a6da.0329.3f2f
2014/08/15 11:28:58 ISIS: ISIS TRILL nick recv:32969 from sysID:1e51.c5df.c8ef
2014/08/15 11:28:58 ISIS: ISIS TRILL nick recv:815 from sysID:2af0.4b8b.d2b5
2014/08/15 11:29:39 ISIS: ISIS TRILL nick recv:50743 from sysID:5e1b.e5f4.005f
2014/08/15 11:29:39 ISIS: ISIS TRILL nick recv:52917 from sysID:8620.40fe.2281
2014/08/15 11:29:40 ISIS: ISIS TRILL nick recv:4893 from sysID:a6da.0329.3f2f
2014/08/15 11:43:46 ISIS: ISIS TRILL nick recv:815 from sysID:2af0.4b8b.d2b5
2014/08/15 11:43:53 ISIS: ISIS TRILL nick recv:32969 from sysID:1e51.c5df.c8ef
2014/08/15 11:44:06 ISIS: ISIS TRILL nick recv:52917 from sysID:8620.40fe.2281
2014/08/15 11:44:30 ISIS: ISIS TRILL nick recv:4893 from sysID:a6da.0329.3f2f
2014/08/15 11:44:35 ISIS: ISIS TRILL nick recv:50743 from sysID:5e1b.e5f4.005f
2014/08/15 11:58:24 ISIS: ISIS TRILL nick recv:32969 from sysID:1e51.c5df.c8ef
2014/08/15 11:58:27 ISIS: ISIS TRILL nick recv:815 from sysID:2af0.4b8b.d2b5
2014/08/15 11:58:51 ISIS: ISIS TRILL nick recv:50743 from sysID:5e1b.e5f4.005f
2014/08/15 11:59:05 ISIS: ISIS TRILL nick recv:52917 from sysID:8620.40fe.2281
2014/08/15 11:59:10 ISIS: ISIS TRILL nick recv:4893 from sysID:a6da.0329.3f2f
2014/08/15 12:12:58 ISIS: ISIS TRILL nick recv:815 from sysID:2af0.4b8b.d2b5
2014/08/15 12:13:16 ISIS: ISIS TRILL nick recv:32969 from sysID:1e51.c5df.c8ef
2014/08/15 12:13:28 ISIS: ISIS TRILL nick recv:52917 from sysID:8620.40fe.2281
2014/08/15 12:13:29 ISIS: ISIS TRILL nick recv:50743 from sysID:5e1b.e5f4.005f
2014/08/15 12:14:08 ISIS: ISIS TRILL nick recv:4893 from sysID:a6da.0329.3f2f
2014/08/15 12:22:04 ISIS: SIGHUP received
2014/08/15 12:22:04 ISIS: Reload
2014/08/15 12:22:04 ISIS: buffer_flush_available: write error on fd 0: Bad file number
2014/08/15 12:22:04 ISIS: buffer_flush_available: write error on fd 0: Bad file number
2014/08/15 12:22:04 ISIS: buffer_flush_available: write error on fd 0: Bad file number
2014/08/15 12:22:04 ISIS: Quagga-ISISd 0.99.8 starting: vty@2606
2014/08/15 12:22:04 ISIS: Terminating on signal SIGTERM
