
2014/08/15 11:13:57 ISIS: buffer_flush_available: write error on fd 0: Bad file number
2014/08/15 11:13:57 ISIS: buffer_flush_available: write error on fd 0: Bad file number
2014/08/15 11:13:57 ISIS: buffer_flush_available: write error on fd 0: Bad file number
2014/08/15 11:13:57 ISIS: Quagga-ISISd 0.99.8 starting: vty@2607
2014/08/15 11:14:18 ISIS: ISIS TRILL removed any nickname associated with sysID:8620.40fe.2281 LSP seqnum:0x00000002 pseudonode:0
2014/08/15 11:14:19 ISIS: ISIS TRILL removed any nickname associated with sysID:1e51.c5df.c8ef LSP seqnum:0x00000002 pseudonode:0
2014/08/15 11:14:19 ISIS: ISIS TRILL removed any nickname associated with sysID:f6ed.68bf.8866 LSP seqnum:0x00000002 pseudonode:0
2014/08/15 11:14:20 ISIS: ISIS TRILL removed any nickname associated with sysID:2af0.4b8b.d2b5 LSP seqnum:0x00000002 pseudonode:0
2014/08/15 11:14:20 ISIS: ISIS TRILL removed any nickname associated with sysID:5e1b.e5f4.005f LSP seqnum:0x00000002 pseudonode:0
2014/08/15 11:14:21 ISIS: ISIS-Evt (rb4_a) DIS status change
2014/08/15 11:14:26 ISIS: ISIS-Evt (rb4_a) DIS status change
2014/08/15 11:14:28 ISIS: ISIS TRILL LSPDB acquire event:0 cid:34, done:0
2014/08/15 11:14:30 ISIS: ISIS TRILL LSPDB acquire event:0 cid:34, done:0
2014/08/15 11:14:37 ISIS: ISIS TRILL LSPDB acquire event:0 cid:34, done:0
2014/08/15 11:14:38 ISIS: ISIS-Evt (rb4_a) DIS status change
2014/08/15 11:14:39 ISIS: ISIS TRILL LSPDB acquire event:0 cid:34, done:1
2014/08/15 11:14:39 ISIS: ISIS TRILL generated nick:4893
2014/08/15 11:14:39 ISIS: SIGHUP received
2014/08/15 11:14:39 ISIS: Reload
2014/08/15 11:14:39 ISIS: buffer_flush_available: write error on fd 0: Bad file number
2014/08/15 11:14:39 ISIS: buffer_flush_available: write error on fd 0: Bad file number
2014/08/15 11:14:39 ISIS: buffer_flush_available: write error on fd 0: Bad file number
2014/08/15 11:14:39 ISIS: Quagga-ISISd 0.99.8 starting: vty@2607
2014/08/15 11:14:48 ISIS: New LSP with ID 1e51.c5df.c8ef-00-00 seqnum 00000000
2014/08/15 11:14:48 ISIS: New LSP with ID 1e51.c5df.c8ef-25-00 seqnum 00000000
2014/08/15 11:14:48 ISIS: New LSP with ID 2af0.4b8b.d2b5-00-00 seqnum 00000000
2014/08/15 11:14:48 ISIS: New LSP with ID 2af0.4b8b.d2b5-23-00 seqnum 00000000
2014/08/15 11:14:48 ISIS: New LSP with ID 2af0.4b8b.d2b5-24-00 seqnum 00000000
2014/08/15 11:14:48 ISIS: New LSP with ID 5e1b.e5f4.005f-00-00 seqnum 00000000
2014/08/15 11:14:48 ISIS: New LSP with ID 5e1b.e5f4.005f-1f-00 seqnum 00000000
2014/08/15 11:14:48 ISIS: New LSP with ID 8620.40fe.2281-00-00 seqnum 00000000
2014/08/15 11:14:48 ISIS: New LSP with ID 8620.40fe.2281-1a-00 seqnum 00000000
2014/08/15 11:14:48 ISIS: New LSP with ID 8620.40fe.2281-1b-00 seqnum 00000000
2014/08/15 11:14:48 ISIS: New LSP with ID f6ed.68bf.8866-00-00 seqnum 00000000
2014/08/15 11:14:48 ISIS: New LSP with ID f6ed.68bf.8866-20-00 seqnum 00000000
2014/08/15 11:14:49 ISIS: ISIS TRILL removed any nickname associated with sysID:1e51.c5df.c8ef LSP seqnum:0x00000002 pseudonode:0
2014/08/15 11:14:49 ISIS: ISIS TRILL nick recv:815 from sysID:2af0.4b8b.d2b5
2014/08/15 11:14:49 ISIS: ISIS TRILL removed any nickname associated with sysID:5e1b.e5f4.005f LSP seqnum:0x00000002 pseudonode:0
2014/08/15 11:14:49 ISIS: ISIS TRILL removed any nickname associated with sysID:8620.40fe.2281 LSP seqnum:0x00000002 pseudonode:0
2014/08/15 11:14:49 ISIS: ISIS TRILL removed any nickname associated with sysID:f6ed.68bf.8866 LSP seqnum:0x00000002 pseudonode:0
2014/08/15 11:14:53 ISIS: ISIS TRILL nick recv:32969 from sysID:1e51.c5df.c8ef
2014/08/15 11:14:53 ISIS: ISIS TRILL nick recv:50743 from sysID:5e1b.e5f4.005f
2014/08/15 11:14:53 ISIS: ISIS TRILL nick recv:14377 from sysID:f6ed.68bf.8866
2014/08/15 11:15:03 ISIS: ISIS TRILL nick recv:50743 from sysID:5e1b.e5f4.005f
2014/08/15 11:15:03 ISIS: ISIS TRILL nick recv:52917 from sysID:8620.40fe.2281
2014/08/15 11:15:04 ISIS: ISIS-Evt (rb4_a) DIS status change
2014/08/15 11:15:05 ISIS: ISIS TRILL nick recv:14377 from sysID:f6ed.68bf.8866
2014/08/15 11:15:08 ISIS: ISIS-Evt (rb4_a) DIS status change
2014/08/15 11:15:32 ISIS: ISIS TRILL nick recv:50743 from sysID:5e1b.e5f4.005f
2014/08/15 11:15:33 ISIS: ISIS TRILL nick recv:52917 from sysID:8620.40fe.2281
2014/08/15 11:15:34 ISIS: ISIS TRILL nick recv:14377 from sysID:f6ed.68bf.8866
2014/08/15 11:28:58 ISIS: ISIS TRILL nick recv:815 from sysID:2af0.4b8b.d2b5
2014/08/15 11:28:58 ISIS: ISIS TRILL nick recv:32969 from sysID:1e51.c5df.c8ef
2014/08/15 11:29:38 ISIS: ISIS TRILL nick recv:14377 from sysID:f6ed.68bf.8866
2014/08/15 11:29:39 ISIS: ISIS TRILL nick recv:50743 from sysID:5e1b.e5f4.005f
2014/08/15 11:29:39 ISIS: ISIS TRILL nick recv:52917 from sysID:8620.40fe.2281
2014/08/15 11:43:45 ISIS: ISIS TRILL nick recv:815 from sysID:2af0.4b8b.d2b5
2014/08/15 11:43:53 ISIS: ISIS TRILL nick recv:32969 from sysID:1e51.c5df.c8ef
2014/08/15 11:44:06 ISIS: ISIS TRILL nick recv:52917 from sysID:8620.40fe.2281
2014/08/15 11:44:29 ISIS: ISIS TRILL nick recv:14377 from sysID:f6ed.68bf.8866
2014/08/15 11:44:35 ISIS: ISIS TRILL nick recv:50743 from sysID:5e1b.e5f4.005f
2014/08/15 11:58:24 ISIS: ISIS TRILL nick recv:32969 from sysID:1e51.c5df.c8ef
2014/08/15 11:58:26 ISIS: ISIS TRILL nick recv:815 from sysID:2af0.4b8b.d2b5
2014/08/15 11:58:51 ISIS: ISIS TRILL nick recv:50743 from sysID:5e1b.e5f4.005f
2014/08/15 11:59:05 ISIS: ISIS TRILL nick recv:52917 from sysID:8620.40fe.2281
2014/08/15 11:59:13 ISIS: ISIS TRILL nick recv:14377 from sysID:f6ed.68bf.8866
2014/08/15 12:12:57 ISIS: ISIS TRILL nick recv:815 from sysID:2af0.4b8b.d2b5
2014/08/15 12:13:16 ISIS: ISIS TRILL nick recv:32969 from sysID:1e51.c5df.c8ef
2014/08/15 12:13:28 ISIS: ISIS TRILL nick recv:52917 from sysID:8620.40fe.2281
2014/08/15 12:13:29 ISIS: ISIS TRILL nick recv:50743 from sysID:5e1b.e5f4.005f
2014/08/15 12:14:09 ISIS: ISIS TRILL nick recv:14377 from sysID:f6ed.68bf.8866
2014/08/15 12:22:05 ISIS: SIGHUP received
2014/08/15 12:22:05 ISIS: Reload
2014/08/15 12:22:05 ISIS: buffer_flush_available: write error on fd 0: Bad file number
2014/08/15 12:22:05 ISIS: buffer_flush_available: write error on fd 0: Bad file number
2014/08/15 12:22:05 ISIS: buffer_flush_available: write error on fd 0: Bad file number
2014/08/15 12:22:05 ISIS: Quagga-ISISd 0.99.8 starting: vty@2607
2014/08/15 12:22:05 ISIS: SIGHUP received
2014/08/15 12:22:05 ISIS: Reload
2014/08/15 12:22:05 ISIS: buffer_flush_available: write error on fd 0: Bad file number
2014/08/15 12:22:05 ISIS: buffer_flush_available: write error on fd 0: Bad file number
2014/08/15 12:22:05 ISIS: buffer_flush_available: write error on fd 0: Bad file number
2014/08/15 12:22:05 ISIS: Quagga-ISISd 0.99.8 starting: vty@2607
2014/08/15 12:22:05 ISIS: Terminating on signal SIGTERM
